0 info it worked if it ends with ok
1 verbose cli [ '/usr/local/bin/node',
1 verbose cli   '/usr/local/bin/npm',
1 verbose cli   'run',
1 verbose cli   'build-server' ]
2 info using npm@3.10.10
3 info using node@v6.9.4
4 verbose run-script [ 'prebuild-server', 'build-server', 'postbuild-server' ]
5 info lifecycle webpack-test@0.0.1~prebuild-server: webpack-test@0.0.1
6 silly lifecycle webpack-test@0.0.1~prebuild-server: no script for prebuild-server, continuing
7 info lifecycle webpack-test@0.0.1~build-server: webpack-test@0.0.1
8 verbose lifecycle webpack-test@0.0.1~build-server: unsafe-perm in lifecycle true
9 verbose lifecycle webpack-test@0.0.1~build-server: PATH: /usr/local/lib/node_modules/npm/bin/node-gyp-bin:/Users/guminji/Development/works/webPackgg/node_modules/.bin:/bin:/usr/local/bin:/usr/bin:/bin:/usr/sbin:/sbin:/users/guminji/works/apache-tomcat-7.0.73/bin
10 verbose lifecycle webpack-test@0.0.1~build-server: CWD: /Users/guminji/Development/works/webPackgg
11 silly lifecycle webpack-test@0.0.1~build-server: Args: [ '-c', 'webpack-dev-server --config webpack.config.js --hot' ]
12 silly lifecycle webpack-test@0.0.1~build-server: Returned: code: 1  signal: null
13 info lifecycle webpack-test@0.0.1~build-server: Failed to exec build-server script
14 verbose stack Error: webpack-test@0.0.1 build-server: `webpack-dev-server --config webpack.config.js --hot`
14 verbose stack Exit status 1
14 verbose stack     at EventEmitter.<anonymous> (/usr/local/lib/node_modules/npm/lib/utils/lifecycle.js:255:16)
14 verbose stack     at emitTwo (events.js:106:13)
14 verbose stack     at EventEmitter.emit (events.js:191:7)
14 verbose stack     at ChildProcess.<anonymous> (/usr/local/lib/node_modules/npm/lib/utils/spawn.js:40:14)
14 verbose stack     at emitTwo (events.js:106:13)
14 verbose stack     at ChildProcess.emit (events.js:191:7)
14 verbose stack     at maybeClose (internal/child_process.js:877:16)
14 verbose stack     at Process.ChildProcess._handle.onexit (internal/child_process.js:226:5)
15 verbose pkgid webpack-test@0.0.1
16 verbose cwd /Users/guminji/Development/works/webPackgg
17 error Darwin 16.7.0
18 error argv "/usr/local/bin/node" "/usr/local/bin/npm" "run" "build-server"
19 error node v6.9.4
20 error npm  v3.10.10
21 error code ELIFECYCLE
22 error webpack-test@0.0.1 build-server: `webpack-dev-server --config webpack.config.js --hot`
22 error Exit status 1
23 error Failed at the webpack-test@0.0.1 build-server script 'webpack-dev-server --config webpack.config.js --hot'.
23 error Make sure you have the latest version of node.js and npm installed.
23 error If you do, this is most likely a problem with the webpack-test package,
23 error not with npm itself.
23 error Tell the author that this fails on your system:
23 error     webpack-dev-server --config webpack.config.js --hot
23 error You can get information on how to open an issue for this project with:
23 error     npm bugs webpack-test
23 error Or if that isn't available, you can get their info via:
23 error     npm owner ls webpack-test
23 error There is likely additional logging output above.
24 verbose exit [ 1, true ]
